TN:
SF:src\test.ts
FNF:0
FNH:0
DA:8,1
LF:1
LH:1
BRF:0
BRH:0
end_of_record
TN:
SF:src\app\app.ts
FN:18,(anonymous_0)
FNF:1
FNH:0
FNDA:0,(anonymous_0)
DA:13,1
DA:14,1
DA:16,1
DA:19,0
LF:4
LH:3
BRF:0
BRH:0
end_of_record
TN:
SF:src\app\pages\home\home.ts
FNF:0
FNH:0
DA:11,1
LF:1
LH:1
BRF:0
BRH:0
end_of_record
TN:
SF:src\app\pages\home\aside\aside.ts
FNF:0
FNH:0
DA:16,1
LF:1
LH:1
BRF:0
BRH:0
end_of_record
TN:
SF:src\app\pages\home\carrito\carrito.ts
FNF:0
FNH:0
DA:13,1
LF:1
LH:1
BRF:0
BRH:0
end_of_record
TN:
SF:src\app\pages\home\laboratorios\laboratorios.ts
FNF:0
FNH:0
DA:11,1
DA:13,5
LF:2
LH:2
BRF:0
BRH:0
end_of_record
TN:
SF:src\app\pages\home\perfil\perfil.ts
FNF:0
FNH:0
DA:22,1
LF:1
LH:1
BRF:0
BRH:0
end_of_record
TN:
SF:src\app\pages\login-form\login-form.ts
FN:30,(anonymous_0)
FN:33,(anonymous_1)
FN:47,(anonymous_2)
FN:48,(anonymous_3)
FN:60,(anonymous_4)
FN:83,(anonymous_5)
FN:84,(anonymous_6)
FN:89,(anonymous_7)
FN:109,(anonymous_8)
FNF:9
FNH:6
FNDA:7,(anonymous_0)
FNDA:7,(anonymous_1)
FNDA:2,(anonymous_2)
FNDA:2,(anonymous_3)
FNDA:2,(anonymous_4)
FNDA:0,(anonymous_5)
FNDA:0,(anonymous_6)
FNDA:2,(anonymous_7)
FNDA:0,(anonymous_8)
DA:24,1
DA:26,7
DA:28,7
DA:30,7
DA:34,7
DA:40,7
DA:41,7
DA:42,7
DA:48,2
DA:49,2
DA:50,1
DA:51,1
DA:52,1
DA:55,1
DA:56,1
DA:61,2
DA:62,1
DA:63,1
DA:65,1
DA:66,1
DA:67,1
DA:70,1
DA:71,1
DA:72,1
DA:75,0
DA:76,0
DA:79,1
DA:84,0
DA:85,0
DA:90,2
DA:91,2
DA:92,2
DA:93,2
DA:94,2
DA:95,2
DA:96,2
DA:104,2
DA:106,2
DA:107,2
DA:109,2
DA:110,0
DA:111,0
LF:42
LH:36
BRDA:40,0,0,7
BRDA:40,1,0,7
BRDA:40,1,1,7
BRDA:42,2,0,7
BRDA:42,2,1,0
BRDA:48,3,0,2
BRDA:48,3,1,1
BRDA:48,3,2,1
BRDA:49,4,0,1
BRDA:49,4,1,1
BRDA:61,5,0,1
BRDA:61,5,1,1
BRDA:65,6,0,1
BRDA:65,6,1,0
BRDA:65,7,0,1
BRDA:65,7,1,1
BRDA:71,8,0,1
BRF:17
BRH:15
end_of_record
TN:
SF:src\app\pages\main\main.ts
FNF:0
FNH:0
DA:16,1
LF:1
LH:1
BRF:0
BRH:0
end_of_record
TN:
SF:src\app\pages\recupera-pass\recupera-pass.ts
FN:15,(anonymous_0)
FNF:1
FNH:1
FNDA:2,(anonymous_0)
DA:13,1
DA:17,2
DA:18,1
DA:24,1
DA:27,1
DA:29,1
LF:6
LH:6
BRDA:17,0,0,1
BRF:1
BRH:1
end_of_record
TN:
SF:src\app\pages\registro\registro.ts
FN:28,(anonymous_0)
FN:35,(anonymous_1)
FN:41,(anonymous_2)
FN:55,(anonymous_3)
FN:79,(anonymous_4)
FN:89,(anonymous_5)
FN:108,(anonymous_6)
FNF:7
FNH:7
FNDA:10,(anonymous_0)
FNDA:79,(anonymous_1)
FNDA:8,(anonymous_2)
FNDA:8,(anonymous_3)
FNDA:3,(anonymous_4)
FNDA:1,(anonymous_5)
FNDA:2,(anonymous_6)
DA:23,1
DA:25,8
DA:26,8
DA:29,10
DA:36,79
DA:37,79
DA:38,79
DA:41,8
DA:42,8
DA:56,8
DA:57,8
DA:58,8
DA:88,3
DA:89,1
DA:92,3
DA:93,1
DA:94,1
DA:97,2
DA:98,2
DA:100,2
DA:101,2
DA:104,2
DA:105,2
DA:109,2
DA:111,2
DA:114,2
DA:115,1
DA:116,1
DA:119,1
DA:120,0
DA:123,1
DA:125,1
DA:134,1
DA:135,1
DA:136,1
DA:137,1
LF:36
LH:35
BRDA:30,0,0,10
BRDA:30,0,1,10
BRDA:30,0,2,10
BRDA:38,1,0,76
BRDA:38,1,1,3
BRDA:56,2,0,8
BRDA:58,3,0,0
BRDA:58,3,1,8
BRDA:89,4,0,1
BRDA:89,4,1,0
BRDA:92,5,0,1
BRDA:100,6,0,2
BRDA:114,7,0,1
BRDA:119,8,0,0
BRDA:134,9,0,1
BRF:15
BRH:12
end_of_record
